#
# There is insufficient memory for the Java Runtime Environment to continue.
# Native memory allocation (malloc) failed to allocate 131088 bytes for Chunk::new
# Possible reasons:
#   The system is out of physical RAM or swap space
#   In 32 bit mode, the process size limit was hit
# Possible solutions:
#   Reduce memory load on the system
#   Increase physical memory or swap space
#   Check if swap backing store is full
#   Use 64 bit Java on a 64 bit OS
#   Decrease Java heap size (-Xmx/-Xms)
#   Decrease number of Java threads
#   Decrease Java thread stack sizes (-Xss)
#   Set larger code cache with -XX:ReservedCodeCacheSize=
# This output file may be truncated or incomplete.
#
#  Out of Memory Error (allocation.cpp:390), pid=4936, tid=0x0000000000000d18
#
# JRE version: Java(TM) SE Runtime Environment (8.0_131-b11) (build 1.8.0_131-b11)
# Java VM: Java HotSpot(TM) 64-Bit Server VM (25.131-b11 mixed mode windows-amd64 compressed oops)
# Failed to write core dump. Minidumps are not enabled by default on client versions of Windows
#

---------------  T H R E A D  ---------------

Current thread (0x0000000017310000):  JavaThread "C2 CompilerThread1" daemon [_thread_in_native, id=3352, stack(0x0000000017bd0000,0x0000000017cd0000)]

Stack: [0x0000000017bd0000,0x0000000017cd0000]
[error occurred during error reporting (printing stack bounds), id 0xc0000005]

Native frames: (J=compiled Java code, j=interpreted, Vv=VM code, C=native code)


Current CompileTask:
C2:   2237 1228       4       com.android.dx.ssa.SCCP::simulateBranch (666 bytes)


---------------  P R O C E S S  ---------------

Java Threads: ( => current thread )
  0x00000000175e2800 JavaThread "pool-1-thread-4" [_thread_in_Java, id=4284, stack(0x00000000184d0000,0x00000000185d0000)]
  0x00000000175df000 JavaThread "pool-1-thread-3" [_thread_blocked, id=11488, stack(0x00000000183d0000,0x00000000184d0000)]
  0x00000000175de800 JavaThread "pool-1-thread-2" [_thread_in_Java, id=824, stack(0x00000000182d0000,0x00000000183d0000)]
  0x00000000175d7000 JavaThread "pool-2-thread-1" [_thread_blocked, id=6236, stack(0x00000000181d0000,0x00000000182d0000)]
  0x00000000175d6000 JavaThread "pool-1-thread-1" [_thread_blocked, id=9844, stack(0x00000000180d0000,0x00000000181d0000)]
  0x0000000017387000 JavaThread "Service Thread" daemon [_thread_blocked, id=4092, stack(0x0000000017ed0000,0x0000000017fd0000)]
  0x0000000017315800 JavaThread "C1 CompilerThread3" daemon [_thread_blocked, id=13588, stack(0x0000000017dd0000,0x0000000017ed0000)]
  0x0000000017312000 JavaThread "C2 CompilerThread2" daemon [_thread_blocked, id=14216, stack(0x0000000017cd0000,0x0000000017dd0000)]
=>0x0000000017310000 JavaThread "C2 CompilerThread1" daemon [_thread_in_native, id=3352, stack(0x0000000017bd0000,0x0000000017cd0000)]
  0x000000001730e000 JavaThread "C2 CompilerThread0" daemon [_thread_in_native, id=11172, stack(0x0000000017ad0000,0x0000000017bd0000)]
  0x000000001730a800 JavaThread "Attach Listener" daemon [_thread_blocked, id=872, stack(0x00000000179d0000,0x0000000017ad0000)]
  0x000000001542e800 JavaThread "Signal Dispatcher" daemon [_thread_blocked, id=8228, stack(0x00000000178d0000,0x00000000179d0000)]
  0x0000000017300800 JavaThread "Finalizer" daemon [_thread_blocked, id=13928, stack(0x00000000176e0000,0x00000000177e0000)]
  0x00000000028f5000 JavaThread "Reference Handler" daemon [_thread_blocked, id=10232, stack(0x00000000171e0000,0x00000000172e0000)]
  0x0000000000e4e800 JavaThread "main" [_thread_in_Java, id=8288, stack(0x0000000002610000,0x0000000002710000)]

Other Threads:
  0x0000000015419800 VMThread [stack: 0x00000000170e0000,0x00000000171e0000] [id=3128]
  0x0000000017397000 WatcherThread [stack: 0x0000000017fd0000,0x00000000180d0000] [id=10904]

VM state:not at safepoint (normal execution)

VM Mutex/Monitor currently owned by a thread: None

Heap:
 PSYoungGen      total 28672K, used 25630K [0x00000000eab00000, 0x00000000ee300000, 0x0000000100000000)
  eden space 24576K, 87% used [0x00000000eab00000,0x00000000ec00daa8,0x00000000ec300000)
  from space 4096K, 99% used [0x00000000ec300000,0x00000000ec6f9fb8,0x00000000ec700000)
  to   space 4096K, 0% used [0x00000000edf00000,0x00000000edf00000,0x00000000ee300000)
 ParOldGen       total 65536K, used 1767K [0x00000000c0000000, 0x00000000c4000000, 0x00000000eab00000)
  object space 65536K, 2% used [0x00000000c0000000,0x00000000c01b9d60,0x00000000c4000000)
 Metaspace       used 6152K, capacity 7000K, committed 7168K, reserved 1056768K
  class space    used 618K, capacity 656K, committed 768K, reserved 1048576K

Card table byte_map: [0x0000000011cc0000,0x0000000011ed0000] byte_map_base: 0x00000000116c0000

Marking Bits: (ParMarkBitMap*) 0x00000000666dc720
 Begin Bits: [0x0000000012830000, 0x0000000013830000)
 End Bits:   [0x0000000013830000, 0x0000000014830000)

Polling page: 0x0000000000e20000

CodeCache: size=245760Kb used=5482Kb max_used=5500Kb free=240277Kb
 bounds [0x0000000002900000, 0x0000000002e70000, 0x0000000011900000]
 total_blobs=1598 nmethods=1326 adapters=185
 compilation: enabled

Compilation events (10 events):
Event: 2.014 Thread 0x0000000017315800 nmethod 1309 0x0000000002e550d0 code [0x0000000002e55220, 0x0000000002e55330]
Event: 2.014 Thread 0x0000000017315800 1335       1       com.android.dx.dex.file.DexFile::getStringIds (5 bytes)
Event: 2.014 Thread 0x0000000017315800 nmethod 1335 0x0000000002e55390 code [0x0000000002e554e0, 0x0000000002e555f0]
Event: 2.025 Thread 0x000000001730e000 nmethod 1273 0x0000000002e592d0 code [0x0000000002e594c0, 0x0000000002e5a480]
Event: 2.025 Thread 0x000000001730e000 1310       4       java.util.HashMap::<init> (11 bytes)
Event: 2.025 Thread 0x000000001730e000 nmethod 1310 0x0000000002e06fd0 code [0x0000000002e07100, 0x0000000002e07158]
Event: 2.025 Thread 0x000000001730e000 1300       4       com.android.dx.rop.code.RopMethod::labelToPredecessors (54 bytes)
Event: 2.086 Thread 0x000000001730e000 nmethod 1300 0x0000000002e5e150 code [0x0000000002e5e340, 0x0000000002e5f7d8]
Event: 2.086 Thread 0x000000001730e000 1274       4       com.android.dx.ssa.LiteralOpUpgrader$1::visitNonMoveInsn (203 bytes)
Event: 2.119 Thread 0x0000000017312000 nmethod 1276 0x0000000002e60bd0 code [0x0000000002e60e60, 0x0000000002e62b60]

GC Heap History (2 events):
Event: 1.404 GC heap before
{Heap before GC invocations=1 (full 0):
 PSYoungGen      total 28672K, used 24576K [0x00000000eab00000, 0x00000000ecb00000, 0x0000000100000000)
  eden space 24576K, 100% used [0x00000000eab00000,0x00000000ec300000,0x00000000ec300000)
  from space 4096K, 0% used [0x00000000ec700000,0x00000000ec700000,0x00000000ecb00000)
  to   space 4096K, 0% used [0x00000000ec300000,0x00000000ec300000,0x00000000ec700000)
 ParOldGen       total 65536K, used 0K [0x00000000c0000000, 0x00000000c4000000, 0x00000000eab00000)
  object space 65536K, 0% used [0x00000000c0000000,0x00000000c0000000,0x00000000c4000000)
 Metaspace       used 6020K, capacity 6872K, committed 7168K, reserved 1056768K
  class space    used 617K, capacity 656K, committed 768K, reserved 1048576K
Event: 1.482 GC heap after
Heap after GC invocations=1 (full 0):
 PSYoungGen      total 28672K, used 4071K [0x00000000eab00000, 0x00000000ee300000, 0x0000000100000000)
  eden space 24576K, 0% used [0x00000000eab00000,0x00000000eab00000,0x00000000ec300000)
  from space 4096K, 99% used [0x00000000ec300000,0x00000000ec6f9fb8,0x00000000ec700000)
  to   space 4096K, 0% used [0x00000000edf00000,0x00000000edf00000,0x00000000ee300000)
 ParOldGen       total 65536K, used 1767K [0x00000000c0000000, 0x00000000c4000000, 0x00000000eab00000)
  object space 65536K, 2% used [0x00000000c0000000,0x00000000c01b9d60,0x00000000c4000000)
 Metaspace       used 6020K, capacity 6872K, committed 7168K, reserved 1056768K
  class space    used 617K, capacity 656K, committed 768K, reserved 1048576K
}

Deoptimization events (10 events):
Event: 1.535 Thread 0x00000000175de800 Uncommon trap: reason=bimorphic action=maybe_recompile pc=0x0000000002b31b58 method=java.util.HashMap.getNode(ILjava/lang/Object;)Ljava/util/HashMap$Node; @ 126
Event: 1.535 Thread 0x00000000175de800 Uncommon trap: reason=class_check action=maybe_recompile pc=0x0000000002c8e1f4 method=java.util.HashMap.putVal(ILjava/lang/Object;Ljava/lang/Object;ZZ)Ljava/lang/Object; @ 203
Event: 1.614 Thread 0x00000000175de800 Uncommon trap: reason=bimorphic action=maybe_recompile pc=0x0000000002b31b58 method=java.util.HashMap.getNode(ILjava/lang/Object;)Ljava/util/HashMap$Node; @ 126
Event: 1.614 Thread 0x00000000175de800 Uncommon trap: reason=class_check action=maybe_recompile pc=0x0000000002c8e1f4 method=java.util.HashMap.putVal(ILjava/lang/Object;Ljava/lang/Object;ZZ)Ljava/lang/Object; @ 203
Event: 1.996 Thread 0x00000000175df000 Uncommon trap: reason=class_check action=maybe_recompile pc=0x0000000002de393c method=com.android.dx.cf.code.BytecodeArray.parseInstruction(ILcom/android/dx/cf/code/BytecodeArray$Visitor;)I @ 955
Event: 1.997 Thread 0x00000000175df000 Uncommon trap: reason=class_check action=maybe_recompile pc=0x0000000002de38e8 method=com.android.dx.cf.code.BytecodeArray.parseInstruction(ILcom/android/dx/cf/code/BytecodeArray$Visitor;)I @ 971
Event: 1.997 Thread 0x00000000175df000 Uncommon trap: reason=class_check action=maybe_recompile pc=0x0000000002de393c method=com.android.dx.cf.code.BytecodeArray.parseInstruction(ILcom/android/dx/cf/code/BytecodeArray$Visitor;)I @ 955
Event: 2.004 Thread 0x00000000175df000 Uncommon trap: reason=bimorphic action=maybe_recompile pc=0x0000000002de0cfc method=com.android.dx.cf.code.BytecodeArray.parseInstruction(ILcom/android/dx/cf/code/BytecodeArray$Visitor;)I @ 2281
Event: 2.004 Thread 0x00000000175df000 Uncommon trap: reason=bimorphic action=maybe_recompile pc=0x0000000002de0cfc method=com.android.dx.cf.code.BytecodeArray.parseInstruction(ILcom/android/dx/cf/code/BytecodeArray$Visitor;)I @ 2281
Event: 2.005 Thread 0x00000000175df000 Uncommon trap: reason=class_check action=maybe_recompile pc=0x0000000002de393c method=com.android.dx.cf.code.BytecodeArray.parseInstruction(ILcom/android/dx/cf/code/BytecodeArray$Visitor;)I @ 955

Internal exceptions (3 events):
Event: 0.045 Thread 0x0000000000e4e800 Exception <a 'java/lang/NoSuchMethodError': Method sun.misc.Unsafe.defineClass(Ljava/lang/String;[BII)Ljava/lang/Class; name or signature does not match> (0x00000000eab07ca8) thrown at [C:\re\workspace\8-2-build-windows-amd64-cygwin\jdk8u131\8869\hotspot\
Event: 0.045 Thread 0x0000000000e4e800 Exception <a 'java/lang/NoSuchMethodError': Method sun.misc.Unsafe.prefetchRead(Ljava/lang/Object;J)V name or signature does not match> (0x00000000eab07f90) thrown at [C:\re\workspace\8-2-build-windows-amd64-cygwin\jdk8u131\8869\hotspot\src\share\vm\prims
Event: 0.782 Thread 0x00000000175e2800 Implicit null exception at 0x0000000002bd5f79 to 0x0000000002bd7671

Events (10 events):
Event: 2.004 loading class com/android/dx/cf/code/BytecodeArray$ConstantParserVisitor done
Event: 2.004 Thread 0x00000000175df000 Uncommon trap: trap_request=0xffffffc6 fr.pc=0x0000000002de0cfc
Event: 2.004 Thread 0x00000000175df000 DEOPT PACKING pc=0x0000000002de0cfc sp=0x00000000184ceb20
Event: 2.004 Thread 0x00000000175df000 DEOPT UNPACKING pc=0x000000000294582a sp=0x00000000184ceab0 mode 2
Event: 2.004 Thread 0x00000000175df000 Uncommon trap: trap_request=0xffffffc6 fr.pc=0x0000000002de0cfc
Event: 2.004 Thread 0x00000000175df000 DEOPT PACKING pc=0x0000000002de0cfc sp=0x00000000184ce900
Event: 2.005 Thread 0x00000000175df000 DEOPT UNPACKING pc=0x000000000294582a sp=0x00000000184ce890 mode 2
Event: 2.005 Thread 0x00000000175df000 Uncommon trap: trap_request=0xffffffde fr.pc=0x0000000002de393c
Event: 2.005 Thread 0x00000000175df000 DEOPT PACKING pc=0x0000000002de393c sp=0x00000000184cea50
Event: 2.005 Thread 0x00000000175df000 DEOPT UNPACKING pc=0x000000000294582a sp=0x00000000184ce9c0 mode 2


Dynamic libraries:
0x00007ff7d3020000 - 0x00007ff7d3057000 	C:\Program Files\Java\jdk1.8.0_131\bin\java.exe
0x00007ff87bf70000 - 0x00007ff87c141000 	C:\WINDOWS\SYSTEM32\ntdll.dll
0x00007ff879560000 - 0x00007ff87960c000 	C:\WINDOWS\System32\KERNEL32.DLL
0x00007ff878f50000 - 0x00007ff87916d000 	C:\WINDOWS\System32\KERNELBASE.dll
0x00007ff879ad0000 - 0x00007ff879b72000 	C:\WINDOWS\System32\ADVAPI32.dll
0x00007ff879e00000 - 0x00007ff879e9e000 	C:\WINDOWS\System32\msvcrt.dll
0x00007ff879860000 - 0x00007ff8798b9000 	C:\WINDOWS\System32\sechost.dll
0x00007ff879cd0000 - 0x00007ff879df1000 	C:\WINDOWS\System32\RPCRT4.dll
0x00007ff87be00000 - 0x00007ff87bf65000 	C:\WINDOWS\System32\USER32.dll
0x00007ff879170000 - 0x00007ff87918e000 	C:\WINDOWS\System32\win32u.dll
0x00007ff87bdc0000 - 0x00007ff87bdf4000 	C:\WINDOWS\System32\GDI32.dll
0x00007ff878640000 - 0x00007ff8787c0000 	C:\WINDOWS\System32\gdi32full.dll
0x00007ff869070000 - 0x00007ff8692ea000 	C:\WINDOWS\WinSxS\amd64_microsoft.windows.common-controls_6595b64144ccf1df_6.0.14393.953_none_42151e83c686086b\COMCTL32.dll
0x00007ff87b3e0000 - 0x00007ff87b6a8000 	C:\WINDOWS\System32\combase.dll
0x00007ff8791f0000 - 0x00007ff8792e5000 	C:\WINDOWS\System32\ucrtbase.dll
0x00007ff879490000 - 0x00007ff8794fa000 	C:\WINDOWS\System32\bcryptPrimitives.dll
0x00007ff879ea0000 - 0x00007ff879ece000 	C:\WINDOWS\System32\IMM32.DLL
0x0000000066760000 - 0x0000000066832000 	C:\Program Files\Java\jdk1.8.0_131\jre\bin\msvcr100.dll
0x0000000065ec0000 - 0x000000006675c000 	C:\Program Files\Java\jdk1.8.0_131\jre\bin\server\jvm.dll
0x00007ff87b810000 - 0x00007ff87b818000 	C:\WINDOWS\System32\PSAPI.DLL
0x00007ff868cc0000 - 0x00007ff868cc9000 	C:\WINDOWS\SYSTEM32\WSOCK32.dll
0x00007ff879b80000 - 0x00007ff879bea000 	C:\WINDOWS\System32\WS2_32.dll
0x00007ff8763e0000 - 0x00007ff876403000 	C:\WINDOWS\SYSTEM32\WINMM.dll
0x00007ff873cc0000 - 0x00007ff873cca000 	C:\WINDOWS\SYSTEM32\VERSION.dll
0x00007ff8763b0000 - 0x00007ff8763db000 	C:\WINDOWS\SYSTEM32\WINMMBASE.dll
0x00007ff8792f0000 - 0x00007ff879332000 	C:\WINDOWS\System32\cfgmgr32.dll
0x0000000065eb0000 - 0x0000000065ebf000 	C:\Program Files\Java\jdk1.8.0_131\jre\bin\verify.dll
0x0000000065e80000 - 0x0000000065ea9000 	C:\Program Files\Java\jdk1.8.0_131\jre\bin\java.dll
0x0000000065e60000 - 0x0000000065e76000 	C:\Program Files\Java\jdk1.8.0_131\jre\bin\zip.dll
0x00007ff879ed0000 - 0x00007ff87b3d8000 	C:\WINDOWS\System32\SHELL32.dll
0x00007ff878870000 - 0x00007ff878f4a000 	C:\WINDOWS\System32\windows.storage.dll
0x00007ff878400000 - 0x00007ff87844c000 	C:\WINDOWS\System32\powrprof.dll
0x00007ff879500000 - 0x00007ff879552000 	C:\WINDOWS\System32\shlwapi.dll
0x00007ff878450000 - 0x00007ff87845f000 	C:\WINDOWS\System32\kernel.appcore.dll
0x00007ff8787c0000 - 0x00007ff878869000 	C:\WINDOWS\System32\shcore.dll
0x00007ff8783e0000 - 0x00007ff8783f4000 	C:\WINDOWS\System32\profapi.dll

VM Arguments:
jvm_args: -Djava.awt.headless=true -Xmx1024M -Dfile.encoding=windows-1252 -Duser.country=US -Duser.language=en -Duser.variant 
java_command: com.android.dx.command.Main --dex --num-threads=4 --output F:\SERP\android\app\build\intermediates\pre-dexed\debug\okhttp-3.4.1_4374dfae258bf2e9442f1afaa38e9a0c5e780a79.jar C:\Users\thanhtung776\.gradle\caches\modules-2\files-2.1\com.squareup.okhttp3\okhttp\3.4.1\c7c4f9e35c2fd5900da24f9872e3971801f08ce0\okhttp-3.4.1.jar
java_class_path (initial): D:\androidSDK\build-tools\23.0.1\lib\dx.jar
Launcher Type: SUN_STANDARD

Environment Variables:
JAVA_HOME=C:\Program Files\Java\jdk1.8.0_131
CLASSPATH=F:\SERP\android\\gradle\wrapper\gradle-wrapper.jar
PATH=C:\ProgramData\Oracle\Java\javapath;C:\Program Files (x86)\Common Files\Intel\Shared Files\cpp\bin\Intel64;C:\Program Files (x86)\AMD APP\bin\x86_64;C:\Program Files (x86)\AMD APP\bin\x86;C:\Program Files\Microsoft MPI\Bin\;C:\WINDOWS\system32;C:\WINDOWS;C:\WINDOWS\System32\Wbem;C:\WINDOWS\System32\WindowsPowerShell\v1.0\;C:\Program Files (x86)\ATI Technologies\ATI.ACE\Core-Static;C:\Program Files (x86)\Windows Kits\8.1\Windows Performance Toolkit\;C:\Program Files\Microsoft SQL Server\120\Tools\Binn\;C:\Program Files\Microsoft SQL Server\130\Tools\Binn\;C:\Program Files (x86)\Microsoft SQL Server\130\Tools\Binn\;C:\Program Files (x86)\Microsoft SQL Server\130\DTS\Binn\;C:\Program Files\Microsoft SQL Server\130\DTS\Binn\;C:\Program Files\Microsoft SQL Server\Client SDK\ODBC\130\Tools\Binn\;C:\Program Files (x86)\Microsoft SQL Server\Client SDK\ODBC\130\Tools\Binn\;C:\Program Files (x86)\Microsoft SQL Server\130\Tools\Binn\ManagementStudio\;C:\Program Files\dotnet\;C:\Program Files\Microsoft\Web Platform Insta;C:\Program Files (x86)\Yarn\bin;C:\Users\thanhtung776\AppData\Local\Microsoft\WindowsApps;C:\Program Files (x86)\Microsoft VS Code\bin;C:\Users\thanhtung776\AppData\Roaming\Composer\vendor\bin;C:\Users\thanhtung776\AppData\Roaming\npm;C:\Program Files\Git\usr\bin;C:\Users\thanhtung776\AppData\Roaming\nvm;C:\Program Files\nodejs;C:\Program Files\MongoDB\Server\3.4\bin;D:\androidSDK\platform-tools;C:\Users\thanhtung776\AppData\Local\atom\bin;C:\Users\thanhtung776\AppData\Local\Yarn\bin
USERNAME=thanhtung776
OS=Windows_NT
PROCESSOR_IDENTIFIER=Intel64 Family 6 Model 42 Stepping 7, GenuineIntel



---------------  S Y S T E M  ---------------

OS: Windows 10.0 , 64 bit Build 14393 (10.0.14393.1198)

CPU:total 8 (initial active 8) (4 cores per cpu, 2 threads per core) family 6 model 42 stepping 7, cmov, cx8, fxsr, mmx, sse, sse2, sse3, ssse3, sse4.1, sse4.2, popcnt, avx, aes, clmul, ht, tsc, tscinvbit

Memory: 4k page, physical 6238060k(360880k free), swap 10191576k(2024k free)

vm_info: Java HotSpot(TM) 64-Bit Server VM (25.131-b11) for windows-amd64 JRE (1.8.0_131-b11), built on Mar 15 2017 01:23:53 by "java_re" with MS VC++ 10.0 (VS2010)

time: Thu Jul 13 21:04:12 2017
elapsed time: 2 seconds (0d 0h 0m 2s)

