#
# There is insufficient memory for the Java Runtime Environment to continue.
# Native memory allocation (malloc) failed to allocate 520736 bytes for Chunk::new
# Possible reasons:
#   The system is out of physical RAM or swap space
#   In 32 bit mode, the process size limit was hit
# Possible solutions:
#   Reduce memory load on the system
#   Increase physical memory or swap space
#   Check if swap backing store is full
#   Use 64 bit Java on a 64 bit OS
#   Decrease Java heap size (-Xmx/-Xms)
#   Decrease number of Java threads
#   Decrease Java thread stack sizes (-Xss)
#   Set larger code cache with -XX:ReservedCodeCacheSize=
# This output file may be truncated or incomplete.
#
#  Out of Memory Error (allocation.cpp:390), pid=108, tid=0x0000000000001f30
#
# JRE version: Java(TM) SE Runtime Environment (8.0_131-b11) (build 1.8.0_131-b11)
# Java VM: Java HotSpot(TM) 64-Bit Server VM (25.131-b11 mixed mode windows-amd64 compressed oops)
# Failed to write core dump. Minidumps are not enabled by default on client versions of Windows
#

---------------  T H R E A D  ---------------

Current thread (0x0000000017d86800):  JavaThread "C2 CompilerThread1" daemon [_thread_in_native, id=7984, stack(0x00000000185f0000,0x00000000186f0000)]

Stack: [0x00000000185f0000,0x00000000186f0000]
[error occurred during error reporting (printing stack bounds), id 0xc0000005]

Native frames: (J=compiled Java code, j=interpreted, Vv=VM code, C=native code)


Current CompileTask:
C2:   2235 1406       4       com.android.dx.ssa.SsaRenamer$BlockRenamer::process (191 bytes)


---------------  P R O C E S S  ---------------

Java Threads: ( => current thread )
  0x000000001800b800 JavaThread "pool-1-thread-4" [_thread_in_Java, id=6116, stack(0x0000000018ef0000,0x0000000018ff0000)]
  0x0000000018001800 JavaThread "pool-1-thread-3" [_thread_in_Java, id=2520, stack(0x0000000018df0000,0x0000000018ef0000)]
  0x0000000018001000 JavaThread "pool-1-thread-2" [_thread_in_Java, id=2672, stack(0x0000000018cf0000,0x0000000018df0000)]
  0x0000000017ffe000 JavaThread "pool-2-thread-1" [_thread_blocked, id=3296, stack(0x0000000018bf0000,0x0000000018cf0000)]
  0x0000000017ff3800 JavaThread "pool-1-thread-1" [_thread_in_Java, id=6732, stack(0x0000000018af0000,0x0000000018bf0000)]
  0x0000000017d94000 JavaThread "Service Thread" daemon [_thread_blocked, id=11052, stack(0x00000000188f0000,0x00000000189f0000)]
  0x0000000017d8b000 JavaThread "C1 CompilerThread3" daemon [_thread_blocked, id=4024, stack(0x00000000187f0000,0x00000000188f0000)]
  0x0000000017d88800 JavaThread "C2 CompilerThread2" daemon [_thread_in_native, id=9636, stack(0x00000000186f0000,0x00000000187f0000)]
=>0x0000000017d86800 JavaThread "C2 CompilerThread1" daemon [_thread_in_native, id=7984, stack(0x00000000185f0000,0x00000000186f0000)]
  0x0000000017d2f800 JavaThread "C2 CompilerThread0" daemon [_thread_in_native, id=1244, stack(0x00000000184f0000,0x00000000185f0000)]
  0x0000000017d28000 JavaThread "Attach Listener" daemon [_thread_blocked, id=13720, stack(0x00000000183f0000,0x00000000184f0000)]
  0x0000000015e3e800 JavaThread "Signal Dispatcher" daemon [_thread_blocked, id=10172, stack(0x00000000182f0000,0x00000000183f0000)]
  0x0000000003309000 JavaThread "Finalizer" daemon [_thread_blocked, id=1284, stack(0x0000000018100000,0x0000000018200000)]
  0x0000000003306000 JavaThread "Reference Handler" daemon [_thread_blocked, id=13760, stack(0x0000000017c00000,0x0000000017d00000)]
  0x00000000014ae800 JavaThread "main" [_thread_in_vm, id=2924, stack(0x0000000003070000,0x0000000003170000)]

Other Threads:
  0x0000000015e29800 VMThread [stack: 0x0000000017b00000,0x0000000017c00000] [id=11828]
  0x0000000017d9c800 WatcherThread [stack: 0x00000000189f0000,0x0000000018af0000] [id=9256]

VM state:not at safepoint (normal execution)

VM Mutex/Monitor currently owned by a thread: None

Heap:
 PSYoungGen      total 28672K, used 25025K [0x00000000eab00000, 0x00000000ee300000, 0x0000000100000000)
  eden space 24576K, 85% used [0x00000000eab00000,0x00000000ebf73440,0x00000000ec300000)
  from space 4096K, 99% used [0x00000000ec300000,0x00000000ec6fd1f8,0x00000000ec700000)
  to   space 4096K, 0% used [0x00000000edf00000,0x00000000edf00000,0x00000000ee300000)
 ParOldGen       total 65536K, used 1547K [0x00000000c0000000, 0x00000000c4000000, 0x00000000eab00000)
  object space 65536K, 2% used [0x00000000c0000000,0x00000000c0182f10,0x00000000c4000000)
 Metaspace       used 6154K, capacity 7096K, committed 7296K, reserved 1056768K
  class space    used 609K, capacity 624K, committed 640K, reserved 1048576K

Card table byte_map: [0x00000000126d0000,0x00000000128e0000] byte_map_base: 0x00000000120d0000

Marking Bits: (ParMarkBitMap*) 0x00000000666dc720
 Begin Bits: [0x0000000013240000, 0x0000000014240000)
 End Bits:   [0x0000000014240000, 0x0000000015240000)

Polling page: 0x0000000001870000

CodeCache: size=245760Kb used=6123Kb max_used=6135Kb free=239636Kb
 bounds [0x0000000003310000, 0x0000000003920000, 0x0000000012310000]
 total_blobs=1699 nmethods=1436 adapters=176
 compilation: enabled

Compilation events (10 events):
Event: 2.072 Thread 0x0000000017d2f800 nmethod 1276 0x00000000038f0550 code [0x00000000038f0940, 0x00000000038f3a98]
Event: 2.072 Thread 0x0000000017d2f800 1405       4       com.android.dx.ssa.LocalVariableExtractor::processBlock (383 bytes)
Event: 2.097 Thread 0x0000000017d88800 nmethod 1388 0x00000000038f8610 code [0x00000000038f8800, 0x00000000038f9d20]
Event: 2.097 Thread 0x0000000017d88800 1390       4       com.android.dx.ssa.SCCP::simulateBlock (54 bytes)
Event: 2.103 Thread 0x0000000017d88800 nmethod 1390 0x00000000038e6150 code [0x00000000038e62c0, 0x00000000038e6558]
Event: 2.103 Thread 0x0000000017d88800 1393       4       java.util.Arrays::copyOf (19 bytes)
Event: 2.105 Thread 0x0000000017d88800 nmethod 1393 0x00000000038e5d10 code [0x00000000038e5e60, 0x00000000038e6058]
Event: 2.143 Thread 0x0000000017d8b000 1410       3       com.android.dx.ssa.SsaBasicBlock::addMoveToEnd (172 bytes)
Event: 2.146 Thread 0x0000000017d8b000 nmethod 1410 0x00000000038ecd10 code [0x00000000038ed0a0, 0x00000000038eef88]
Event: 2.149 Thread 0x0000000017d88800 1411       4       com.android.dx.cf.code.Ropper::getAvailableLabel (54 bytes)

GC Heap History (2 events):
Event: 1.394 GC heap before
{Heap before GC invocations=1 (full 0):
 PSYoungGen      total 28672K, used 24576K [0x00000000eab00000, 0x00000000ecb00000, 0x0000000100000000)
  eden space 24576K, 100% used [0x00000000eab00000,0x00000000ec300000,0x00000000ec300000)
  from space 4096K, 0% used [0x00000000ec700000,0x00000000ec700000,0x00000000ecb00000)
  to   space 4096K, 0% used [0x00000000ec300000,0x00000000ec300000,0x00000000ec700000)
 ParOldGen       total 65536K, used 0K [0x00000000c0000000, 0x00000000c4000000, 0x00000000eab00000)
  object space 65536K, 0% used [0x00000000c0000000,0x00000000c0000000,0x00000000c4000000)
 Metaspace       used 5880K, capacity 6840K, committed 7040K, reserved 1056768K
  class space    used 609K, capacity 624K, committed 640K, reserved 1048576K
Event: 1.466 GC heap after
Heap after GC invocations=1 (full 0):
 PSYoungGen      total 28672K, used 4084K [0x00000000eab00000, 0x00000000ee300000, 0x0000000100000000)
  eden space 24576K, 0% used [0x00000000eab00000,0x00000000eab00000,0x00000000ec300000)
  from space 4096K, 99% used [0x00000000ec300000,0x00000000ec6fd1f8,0x00000000ec700000)
  to   space 4096K, 0% used [0x00000000edf00000,0x00000000edf00000,0x00000000ee300000)
 ParOldGen       total 65536K, used 1547K [0x00000000c0000000, 0x00000000c4000000, 0x00000000eab00000)
  object space 65536K, 2% used [0x00000000c0000000,0x00000000c0182f10,0x00000000c4000000)
 Metaspace       used 5880K, capacity 6840K, committed 7040K, reserved 1056768K
  class space    used 609K, capacity 624K, committed 640K, reserved 1048576K
}

Deoptimization events (4 events):
Event: 0.723 Thread 0x0000000017ff3800 Uncommon trap: reason=class_check action=maybe_recompile pc=0x0000000003551770 method=com.android.dx.ssa.NormalSsaInsn.accept(Lcom/android/dx/ssa/SsaInsn$Visitor;)V @ 9
Event: 0.740 Thread 0x0000000017ff3800 Uncommon trap: reason=class_check action=maybe_recompile pc=0x0000000003551770 method=com.android.dx.ssa.NormalSsaInsn.accept(Lcom/android/dx/ssa/SsaInsn$Visitor;)V @ 9
Event: 1.952 Thread 0x00000000014ae800 Uncommon trap: reason=unstable_if action=reinterpret pc=0x0000000003837514 method=com.android.dx.ssa.SCCP.simulateBranch(Lcom/android/dx/ssa/SsaInsn;)V @ 64
Event: 2.002 Thread 0x00000000014ae800 Uncommon trap: reason=uninitialized action=reinterpret pc=0x0000000003734fb0 method=com.android.dx.cf.code.BytecodeArray.parseInstruction(ILcom/android/dx/cf/code/BytecodeArray$Visitor;)I @ 1031

Internal exceptions (2 events):
Event: 0.045 Thread 0x00000000014ae800 Exception <a 'java/lang/NoSuchMethodError': Method sun.misc.Unsafe.defineClass(Ljava/lang/String;[BII)Ljava/lang/Class; name or signature does not match> (0x00000000eab07ca8) thrown at [C:\re\workspace\8-2-build-windows-amd64-cygwin\jdk8u131\8869\hotspot\
Event: 0.045 Thread 0x00000000014ae800 Exception <a 'java/lang/NoSuchMethodError': Method sun.misc.Unsafe.prefetchRead(Ljava/lang/Object;J)V name or signature does not match> (0x00000000eab07f90) thrown at [C:\re\workspace\8-2-build-windows-amd64-cygwin\jdk8u131\8869\hotspot\src\share\vm\prims

Events (10 events):
Event: 1.391 loading class com/android/dx/cf/attrib/AttDeprecated
Event: 1.391 loading class com/android/dx/cf/attrib/AttDeprecated done
Event: 1.394 Executing VM operation: ParallelGCFailedAllocation
Event: 1.466 Executing VM operation: ParallelGCFailedAllocation done
Event: 1.952 Thread 0x00000000014ae800 Uncommon trap: trap_request=0xffffff65 fr.pc=0x0000000003837514
Event: 1.952 Thread 0x00000000014ae800 DEOPT PACKING pc=0x0000000003837514 sp=0x000000000316e390
Event: 1.952 Thread 0x00000000014ae800 DEOPT UNPACKING pc=0x000000000335582a sp=0x000000000316e330 mode 2
Event: 2.002 Thread 0x00000000014ae800 Uncommon trap: trap_request=0xffffffb5 fr.pc=0x0000000003734fb0
Event: 2.002 Thread 0x00000000014ae800 DEOPT PACKING pc=0x0000000003734fb0 sp=0x000000000316e4c0
Event: 2.002 Thread 0x00000000014ae800 DEOPT UNPACKING pc=0x000000000335582a sp=0x000000000316e430 mode 2


Dynamic libraries:
0x00007ff7d3020000 - 0x00007ff7d3057000 	C:\Program Files\Java\jdk1.8.0_131\bin\java.exe
0x00007ff87bf70000 - 0x00007ff87c141000 	C:\WINDOWS\SYSTEM32\ntdll.dll
0x00007ff879560000 - 0x00007ff87960c000 	C:\WINDOWS\System32\KERNEL32.DLL
0x00007ff878f50000 - 0x00007ff87916d000 	C:\WINDOWS\System32\KERNELBASE.dll
0x00007ff879ad0000 - 0x00007ff879b72000 	C:\WINDOWS\System32\ADVAPI32.dll
0x00007ff879e00000 - 0x00007ff879e9e000 	C:\WINDOWS\System32\msvcrt.dll
0x00007ff879860000 - 0x00007ff8798b9000 	C:\WINDOWS\System32\sechost.dll
0x00007ff879cd0000 - 0x00007ff879df1000 	C:\WINDOWS\System32\RPCRT4.dll
0x00007ff87be00000 - 0x00007ff87bf65000 	C:\WINDOWS\System32\USER32.dll
0x00007ff879170000 - 0x00007ff87918e000 	C:\WINDOWS\System32\win32u.dll
0x00007ff87bdc0000 - 0x00007ff87bdf4000 	C:\WINDOWS\System32\GDI32.dll
0x00007ff878640000 - 0x00007ff8787c0000 	C:\WINDOWS\System32\gdi32full.dll
0x00007ff869070000 - 0x00007ff8692ea000 	C:\WINDOWS\WinSxS\amd64_microsoft.windows.common-controls_6595b64144ccf1df_6.0.14393.953_none_42151e83c686086b\COMCTL32.dll
0x00007ff87b3e0000 - 0x00007ff87b6a8000 	C:\WINDOWS\System32\combase.dll
0x00007ff8791f0000 - 0x00007ff8792e5000 	C:\WINDOWS\System32\ucrtbase.dll
0x00007ff879490000 - 0x00007ff8794fa000 	C:\WINDOWS\System32\bcryptPrimitives.dll
0x00007ff879ea0000 - 0x00007ff879ece000 	C:\WINDOWS\System32\IMM32.DLL
0x0000000066760000 - 0x0000000066832000 	C:\Program Files\Java\jdk1.8.0_131\jre\bin\msvcr100.dll
0x0000000065ec0000 - 0x000000006675c000 	C:\Program Files\Java\jdk1.8.0_131\jre\bin\server\jvm.dll
0x00007ff87b810000 - 0x00007ff87b818000 	C:\WINDOWS\System32\PSAPI.DLL
0x00007ff868cc0000 - 0x00007ff868cc9000 	C:\WINDOWS\SYSTEM32\WSOCK32.dll
0x00007ff879b80000 - 0x00007ff879bea000 	C:\WINDOWS\System32\WS2_32.dll
0x00007ff8763e0000 - 0x00007ff876403000 	C:\WINDOWS\SYSTEM32\WINMM.dll
0x00007ff873cc0000 - 0x00007ff873cca000 	C:\WINDOWS\SYSTEM32\VERSION.dll
0x00007ff8763b0000 - 0x00007ff8763db000 	C:\WINDOWS\SYSTEM32\WINMMBASE.dll
0x00007ff8792f0000 - 0x00007ff879332000 	C:\WINDOWS\System32\cfgmgr32.dll
0x0000000065eb0000 - 0x0000000065ebf000 	C:\Program Files\Java\jdk1.8.0_131\jre\bin\verify.dll
0x0000000065e80000 - 0x0000000065ea9000 	C:\Program Files\Java\jdk1.8.0_131\jre\bin\java.dll
0x0000000065e60000 - 0x0000000065e76000 	C:\Program Files\Java\jdk1.8.0_131\jre\bin\zip.dll
0x00007ff879ed0000 - 0x00007ff87b3d8000 	C:\WINDOWS\System32\SHELL32.dll
0x00007ff878870000 - 0x00007ff878f4a000 	C:\WINDOWS\System32\windows.storage.dll
0x00007ff878400000 - 0x00007ff87844c000 	C:\WINDOWS\System32\powrprof.dll
0x00007ff879500000 - 0x00007ff879552000 	C:\WINDOWS\System32\shlwapi.dll
0x00007ff878450000 - 0x00007ff87845f000 	C:\WINDOWS\System32\kernel.appcore.dll
0x00007ff8787c0000 - 0x00007ff878869000 	C:\WINDOWS\System32\shcore.dll
0x00007ff8783e0000 - 0x00007ff8783f4000 	C:\WINDOWS\System32\profapi.dll

VM Arguments:
jvm_args: -Djava.awt.headless=true -Xmx1024M -Dfile.encoding=windows-1252 -Duser.country=US -Duser.language=en -Duser.variant 
java_command: com.android.dx.command.Main --dex --num-threads=4 --output F:\SERP\android\app\build\intermediates\pre-dexed\debug\com.facebook.fresco-imagepipeline-1.0.1_ee8243a33838f4816671ed3058a897887be05d8d.jar F:\SERP\android\app\build\intermediates\exploded-aar\com.facebook.fresco\imagepipeline\1.0.1\jars\classes.jar
java_class_path (initial): D:\androidSDK\build-tools\23.0.1\lib\dx.jar
Launcher Type: SUN_STANDARD

Environment Variables:
JAVA_HOME=C:\Program Files\Java\jdk1.8.0_131
CLASSPATH=F:\SERP\android\\gradle\wrapper\gradle-wrapper.jar
PATH=C:\ProgramData\Oracle\Java\javapath;C:\Program Files (x86)\Common Files\Intel\Shared Files\cpp\bin\Intel64;C:\Program Files (x86)\AMD APP\bin\x86_64;C:\Program Files (x86)\AMD APP\bin\x86;C:\Program Files\Microsoft MPI\Bin\;C:\WINDOWS\system32;C:\WINDOWS;C:\WINDOWS\System32\Wbem;C:\WINDOWS\System32\WindowsPowerShell\v1.0\;C:\Program Files (x86)\ATI Technologies\ATI.ACE\Core-Static;C:\Program Files (x86)\Windows Kits\8.1\Windows Performance Toolkit\;C:\Program Files\Microsoft SQL Server\120\Tools\Binn\;C:\Program Files\Microsoft SQL Server\130\Tools\Binn\;C:\Program Files (x86)\Microsoft SQL Server\130\Tools\Binn\;C:\Program Files (x86)\Microsoft SQL Server\130\DTS\Binn\;C:\Program Files\Microsoft SQL Server\130\DTS\Binn\;C:\Program Files\Microsoft SQL Server\Client SDK\ODBC\130\Tools\Binn\;C:\Program Files (x86)\Microsoft SQL Server\Client SDK\ODBC\130\Tools\Binn\;C:\Program Files (x86)\Microsoft SQL Server\130\Tools\Binn\ManagementStudio\;C:\Program Files\dotnet\;C:\Program Files\Microsoft\Web Platform Insta;C:\Program Files (x86)\Yarn\bin;C:\Users\thanhtung776\AppData\Local\Microsoft\WindowsApps;C:\Program Files (x86)\Microsoft VS Code\bin;C:\Users\thanhtung776\AppData\Roaming\Composer\vendor\bin;C:\Users\thanhtung776\AppData\Roaming\npm;C:\Program Files\Git\usr\bin;C:\Users\thanhtung776\AppData\Roaming\nvm;C:\Program Files\nodejs;C:\Program Files\MongoDB\Server\3.4\bin;D:\androidSDK\platform-tools;C:\Users\thanhtung776\AppData\Local\atom\bin;C:\Users\thanhtung776\AppData\Local\Yarn\bin
USERNAME=thanhtung776
OS=Windows_NT
PROCESSOR_IDENTIFIER=Intel64 Family 6 Model 42 Stepping 7, GenuineIntel



---------------  S Y S T E M  ---------------

OS: Windows 10.0 , 64 bit Build 14393 (10.0.14393.1198)

CPU:total 8 (initial active 8) (4 cores per cpu, 2 threads per core) family 6 model 42 stepping 7, cmov, cx8, fxsr, mmx, sse, sse2, sse3, ssse3, sse4.1, sse4.2, popcnt, avx, aes, clmul, ht, tsc, tscinvbit

Memory: 4k page, physical 6238060k(360880k free), swap 10191576k(2024k free)

vm_info: Java HotSpot(TM) 64-Bit Server VM (25.131-b11) for windows-amd64 JRE (1.8.0_131-b11), built on Mar 15 2017 01:23:53 by "java_re" with MS VC++ 10.0 (VS2010)

time: Thu Jul 13 21:04:12 2017
elapsed time: 2 seconds (0d 0h 0m 2s)

