#
# There is insufficient memory for the Java Runtime Environment to continue.
# Native memory allocation (malloc) failed to allocate 282928 bytes for Chunk::new
# Possible reasons:
#   The system is out of physical RAM or swap space
#   In 32 bit mode, the process size limit was hit
# Possible solutions:
#   Reduce memory load on the system
#   Increase physical memory or swap space
#   Check if swap backing store is full
#   Use 64 bit Java on a 64 bit OS
#   Decrease Java heap size (-Xmx/-Xms)
#   Decrease number of Java threads
#   Decrease Java thread stack sizes (-Xss)
#   Set larger code cache with -XX:ReservedCodeCacheSize=
# This output file may be truncated or incomplete.
#
#  Out of Memory Error (allocation.cpp:390), pid=12372, tid=0x00000000000017f8
#
# JRE version: Java(TM) SE Runtime Environment (8.0_131-b11) (build 1.8.0_131-b11)
# Java VM: Java HotSpot(TM) 64-Bit Server VM (25.131-b11 mixed mode windows-amd64 compressed oops)
# Failed to write core dump. Minidumps are not enabled by default on client versions of Windows
#

---------------  T H R E A D  ---------------

Current thread (0x0000000017775800):  JavaThread "C2 CompilerThread2" daemon [_thread_in_native, id=6136, stack(0x00000000180f0000,0x00000000181f0000)]

Stack: [0x00000000180f0000,0x00000000181f0000]
[error occurred during error reporting (printing stack bounds), id 0xc0000005]

Native frames: (J=compiled Java code, j=interpreted, Vv=VM code, C=native code)


Current CompileTask:
C2:   2878 1393       4       com.android.dx.ssa.DeadCodeRemover::isCircularNoSideEffect (140 bytes)


---------------  P R O C E S S  ---------------

Java Threads: ( => current thread )
  0x0000000017a0c000 JavaThread "pool-1-thread-4" [_thread_in_Java, id=3228, stack(0x00000000188f0000,0x00000000189f0000)]
  0x0000000017a09800 JavaThread "pool-1-thread-3" [_thread_in_Java, id=5116, stack(0x00000000187f0000,0x00000000188f0000)]
  0x00000000179f7800 JavaThread "pool-1-thread-2" [_thread_blocked, id=3368, stack(0x00000000186f0000,0x00000000187f0000)]
  0x0000000017a01800 JavaThread "pool-2-thread-1" [_thread_blocked, id=13648, stack(0x00000000185f0000,0x00000000186f0000)]
  0x0000000017a00800 JavaThread "pool-1-thread-1" [_thread_blocked, id=10988, stack(0x00000000184f0000,0x00000000185f0000)]
  0x00000000177e5800 JavaThread "Service Thread" daemon [_thread_blocked, id=11176, stack(0x00000000182f0000,0x00000000183f0000)]
  0x000000001777f000 JavaThread "C1 CompilerThread3" daemon [_thread_blocked, id=10840, stack(0x00000000181f0000,0x00000000182f0000)]
=>0x0000000017775800 JavaThread "C2 CompilerThread2" daemon [_thread_in_native, id=6136, stack(0x00000000180f0000,0x00000000181f0000)]
  0x0000000017753800 JavaThread "C2 CompilerThread1" daemon [_thread_in_native, id=9400, stack(0x0000000017ff0000,0x00000000180f0000)]
  0x000000001772b800 JavaThread "C2 CompilerThread0" daemon [_thread_in_native, id=3528, stack(0x0000000017ef0000,0x0000000017ff0000)]
  0x0000000017729000 JavaThread "Attach Listener" daemon [_thread_blocked, id=3676, stack(0x0000000017df0000,0x0000000017ef0000)]
  0x0000000017726800 JavaThread "Signal Dispatcher" daemon [_thread_blocked, id=4044, stack(0x0000000017cf0000,0x0000000017df0000)]
  0x0000000017720800 JavaThread "Finalizer" daemon [_thread_blocked, id=6332, stack(0x0000000017b00000,0x0000000017c00000)]
  0x0000000002d05000 JavaThread "Reference Handler" daemon [_thread_blocked, id=7772, stack(0x0000000017600000,0x0000000017700000)]
  0x000000000298e800 JavaThread "main" [_thread_blocked, id=9808, stack(0x0000000002b10000,0x0000000002c10000)]

Other Threads:
  0x0000000015829800 VMThread [stack: 0x0000000017500000,0x0000000017600000] [id=13184]
  0x00000000177eb000 WatcherThread [stack: 0x00000000183f0000,0x00000000184f0000] [id=11716]

VM state:not at safepoint (normal execution)

VM Mutex/Monitor currently owned by a thread: None

Heap:
 PSYoungGen      total 53248K, used 17836K [0x00000000eab00000, 0x00000000ee300000, 0x0000000100000000)
  eden space 49152K, 28% used [0x00000000eab00000,0x00000000eb8716d8,0x00000000edb00000)
  from space 4096K, 99% used [0x00000000edf00000,0x00000000ee2f9a28,0x00000000ee300000)
  to   space 4096K, 0% used [0x00000000edb00000,0x00000000edb00000,0x00000000edf00000)
 ParOldGen       total 65536K, used 5461K [0x00000000c0000000, 0x00000000c4000000, 0x00000000eab00000)
  object space 65536K, 8% used [0x00000000c0000000,0x00000000c05556d0,0x00000000c4000000)
 Metaspace       used 6324K, capacity 7064K, committed 7424K, reserved 1056768K
  class space    used 640K, capacity 656K, committed 768K, reserved 1048576K

Card table byte_map: [0x00000000120d0000,0x00000000122e0000] byte_map_base: 0x0000000011ad0000

Marking Bits: (ParMarkBitMap*) 0x00000000666dc720
 Begin Bits: [0x0000000012c40000, 0x0000000013c40000)
 End Bits:   [0x0000000013c40000, 0x0000000014c40000)

Polling page: 0x0000000002950000

CodeCache: size=245760Kb used=5872Kb max_used=5883Kb free=239887Kb
 bounds [0x0000000002d10000, 0x00000000032e0000, 0x0000000011d10000]
 total_blobs=1666 nmethods=1397 adapters=182
 compilation: enabled

Compilation events (10 events):
Event: 2.790 Thread 0x000000001777f000 1401       3       com.android.dx.dex.cf.AttributeTranslator::getSignature (26 bytes)
Event: 2.790 Thread 0x000000001777f000 nmethod 1401 0x00000000032cd750 code [0x00000000032cd8e0, 0x00000000032cdc98]
Event: 2.791 Thread 0x000000001772b800 nmethod 1395 0x00000000032d3350 code [0x00000000032d34c0, 0x00000000032d3778]
Event: 2.792 Thread 0x000000001772b800 1404       4       com.android.dx.ssa.SCCP::simulateBlock (54 bytes)
Event: 2.802 Thread 0x0000000017753800 nmethod 1397 0x00000000032d2590 code [0x00000000032d2720, 0x00000000032d2d38]
Event: 2.802 Thread 0x0000000017753800 1398       4       com.android.dx.cf.code.LocalVariableList::pcAndIndexToLocal (51 bytes)
Event: 2.806 Thread 0x000000001777f000 1410       3       java.util.HashMap::put (13 bytes)
Event: 2.807 Thread 0x000000001777f000 nmethod 1410 0x00000000032d1f10 code [0x00000000032d20a0, 0x00000000032d2458]
Event: 2.807 Thread 0x0000000017753800 nmethod 1398 0x00000000032d1950 code [0x00000000032d1aa0, 0x00000000032d1cd8]
Event: 2.807 Thread 0x0000000017753800 1411       4       com.android.dx.ssa.SCCP::simulateStmt (481 bytes)

GC Heap History (4 events):
Event: 1.590 GC heap before
{Heap before GC invocations=1 (full 0):
 PSYoungGen      total 28672K, used 24576K [0x00000000eab00000, 0x00000000ecb00000, 0x0000000100000000)
  eden space 24576K, 100% used [0x00000000eab00000,0x00000000ec300000,0x00000000ec300000)
  from space 4096K, 0% used [0x00000000ec700000,0x00000000ec700000,0x00000000ecb00000)
  to   space 4096K, 0% used [0x00000000ec300000,0x00000000ec300000,0x00000000ec700000)
 ParOldGen       total 65536K, used 0K [0x00000000c0000000, 0x00000000c4000000, 0x00000000eab00000)
  object space 65536K, 0% used [0x00000000c0000000,0x00000000c0000000,0x00000000c4000000)
 Metaspace       used 6051K, capacity 6936K, committed 7168K, reserved 1056768K
  class space    used 621K, capacity 656K, committed 768K, reserved 1048576K
Event: 1.625 GC heap after
Heap after GC invocations=1 (full 0):
 PSYoungGen      total 28672K, used 4082K [0x00000000eab00000, 0x00000000ee300000, 0x0000000100000000)
  eden space 24576K, 0% used [0x00000000eab00000,0x00000000eab00000,0x00000000ec300000)
  from space 4096K, 99% used [0x00000000ec300000,0x00000000ec6fc880,0x00000000ec700000)
  to   space 4096K, 0% used [0x00000000edf00000,0x00000000edf00000,0x00000000ee300000)
 ParOldGen       total 65536K, used 1734K [0x00000000c0000000, 0x00000000c4000000, 0x00000000eab00000)
  object space 65536K, 2% used [0x00000000c0000000,0x00000000c01b1960,0x00000000c4000000)
 Metaspace       used 6051K, capacity 6936K, committed 7168K, reserved 1056768K
  class space    used 621K, capacity 656K, committed 768K, reserved 1048576K
}
Event: 2.161 GC heap before
{Heap before GC invocations=2 (full 0):
 PSYoungGen      total 28672K, used 28658K [0x00000000eab00000, 0x00000000ee300000, 0x0000000100000000)
  eden space 24576K, 100% used [0x00000000eab00000,0x00000000ec300000,0x00000000ec300000)
  from space 4096K, 99% used [0x00000000ec300000,0x00000000ec6fc880,0x00000000ec700000)
  to   space 4096K, 0% used [0x00000000edf00000,0x00000000edf00000,0x00000000ee300000)
 ParOldGen       total 65536K, used 1734K [0x00000000c0000000, 0x00000000c4000000, 0x00000000eab00000)
  object space 65536K, 2% used [0x00000000c0000000,0x00000000c01b1960,0x00000000c4000000)
 Metaspace       used 6173K, capacity 7000K, committed 7168K, reserved 1056768K
  class space    used 622K, capacity 656K, committed 768K, reserved 1048576K
Event: 2.192 GC heap after
Heap after GC invocations=2 (full 0):
 PSYoungGen      total 53248K, used 4070K [0x00000000eab00000, 0x00000000ee300000, 0x0000000100000000)
  eden space 49152K, 0% used [0x00000000eab00000,0x00000000eab00000,0x00000000edb00000)
  from space 4096K, 99% used [0x00000000edf00000,0x00000000ee2f9a28,0x00000000ee300000)
  to   space 4096K, 0% used [0x00000000edb00000,0x00000000edb00000,0x00000000edf00000)
 ParOldGen       total 65536K, used 5461K [0x00000000c0000000, 0x00000000c4000000, 0x00000000eab00000)
  object space 65536K, 8% used [0x00000000c0000000,0x00000000c05556d0,0x00000000c4000000)
 Metaspace       used 6173K, capacity 7000K, committed 7168K, reserved 1056768K
  class space    used 622K, capacity 656K, committed 768K, reserved 1048576K
}

Deoptimization events (10 events):
Event: 1.888 Thread 0x0000000017a00800 Uncommon trap: reason=unstable_if action=reinterpret pc=0x00000000031c9714 method=com.android.dx.ssa.SCCP.simulateStmt(Lcom/android/dx/ssa/SsaInsn;)V @ 53
Event: 2.196 Thread 0x00000000179f7800 Uncommon trap: reason=bimorphic action=maybe_recompile pc=0x0000000002f3b71c method=java.util.HashMap.getNode(ILjava/lang/Object;)Ljava/util/HashMap$Node; @ 126
Event: 2.461 Thread 0x00000000179f7800 Uncommon trap: reason=class_check action=maybe_recompile pc=0x00000000030c4968 method=java.util.HashMap.putVal(ILjava/lang/Object;Ljava/lang/Object;ZZ)Ljava/lang/Object; @ 203
Event: 2.462 Thread 0x00000000179f7800 Uncommon trap: reason=bimorphic action=maybe_recompile pc=0x0000000002f3b71c method=java.util.HashMap.getNode(ILjava/lang/Object;)Ljava/util/HashMap$Node; @ 126
Event: 2.462 Thread 0x00000000179f7800 Uncommon trap: reason=class_check action=maybe_recompile pc=0x00000000030c4968 method=java.util.HashMap.putVal(ILjava/lang/Object;Ljava/lang/Object;ZZ)Ljava/lang/Object; @ 203
Event: 2.462 Thread 0x00000000179f7800 Uncommon trap: reason=bimorphic action=maybe_recompile pc=0x0000000002f3b71c method=java.util.HashMap.getNode(ILjava/lang/Object;)Ljava/util/HashMap$Node; @ 126
Event: 2.466 Thread 0x00000000179f7800 Uncommon trap: reason=unstable_if action=reinterpret pc=0x00000000030423f0 method=java.util.HashMap.putVal(ILjava/lang/Object;Ljava/lang/Object;ZZ)Ljava/lang/Object; @ 162
Event: 2.497 Thread 0x00000000179f7800 Uncommon trap: reason=unstable_if action=reinterpret pc=0x0000000002f3b678 method=java.util.HashMap.getNode(ILjava/lang/Object;)Ljava/util/HashMap$Node; @ 129
Event: 2.514 Thread 0x00000000179f7800 Uncommon trap: reason=unstable_if action=reinterpret pc=0x00000000030dd4e8 method=java.util.HashMap.getNode(ILjava/lang/Object;)Ljava/util/HashMap$Node; @ 84
Event: 2.805 Thread 0x0000000017a0c000 Uncommon trap: reason=unstable_if action=reinterpret pc=0x00000000030c4938 method=java.util.HashMap.putVal(ILjava/lang/Object;Ljava/lang/Object;ZZ)Ljava/lang/Object; @ 109

Internal exceptions (6 events):
Event: 0.044 Thread 0x000000000298e800 Exception <a 'java/lang/NoSuchMethodError': Method sun.misc.Unsafe.defineClass(Ljava/lang/String;[BII)Ljava/lang/Class; name or signature does not match> (0x00000000eab07ca8) thrown at [C:\re\workspace\8-2-build-windows-amd64-cygwin\jdk8u131\8869\hotspot\
Event: 0.044 Thread 0x000000000298e800 Exception <a 'java/lang/NoSuchMethodError': Method sun.misc.Unsafe.prefetchRead(Ljava/lang/Object;J)V name or signature does not match> (0x00000000eab07f90) thrown at [C:\re\workspace\8-2-build-windows-amd64-cygwin\jdk8u131\8869\hotspot\src\share\vm\prims
Event: 1.499 Thread 0x0000000017a09800 Implicit null exception at 0x000000000308bea2 to 0x000000000308bf92
Event: 2.490 Thread 0x00000000179f7800 Exception <a 'java/lang/ArrayIndexOutOfBoundsException': 18> (0x00000000eadba540) thrown at [C:\re\workspace\8-2-build-windows-amd64-cygwin\jdk8u131\8869\hotspot\src\share\vm\interpreter\interpreterRuntime.cpp, line 366]
Event: 2.490 Thread 0x00000000179f7800 Exception <a 'java/lang/ArrayIndexOutOfBoundsException': 145> (0x00000000eadbc0c0) thrown at [C:\re\workspace\8-2-build-windows-amd64-cygwin\jdk8u131\8869\hotspot\src\share\vm\interpreter\interpreterRuntime.cpp, line 366]
Event: 2.496 Thread 0x00000000179f7800 Exception <a 'java/lang/ArrayIndexOutOfBoundsException'> (0x00000000eadbd3a8) thrown at [C:\re\workspace\8-2-build-windows-amd64-cygwin\jdk8u131\8869\hotspot\src\share\vm\runtime\sharedRuntime.cpp, line 605]

Events (10 events):
Event: 2.497 loading class sun/reflect/generics/reflectiveObjects/TypeVariableImpl done
Event: 2.497 Thread 0x00000000179f7800 Uncommon trap: trap_request=0xffffff65 fr.pc=0x0000000002f3b678
Event: 2.497 Thread 0x00000000179f7800 DEOPT PACKING pc=0x0000000002f3b678 sp=0x00000000187eecc0
Event: 2.497 Thread 0x00000000179f7800 DEOPT UNPACKING pc=0x0000000002d5582a sp=0x00000000187eebe0 mode 2
Event: 2.514 Thread 0x00000000179f7800 Uncommon trap: trap_request=0xffffff65 fr.pc=0x00000000030dd4e8
Event: 2.514 Thread 0x00000000179f7800 DEOPT PACKING pc=0x00000000030dd4e8 sp=0x00000000187eec00
Event: 2.514 Thread 0x00000000179f7800 DEOPT UNPACKING pc=0x0000000002d5582a sp=0x00000000187eeb78 mode 2
Event: 2.805 Thread 0x0000000017a0c000 Uncommon trap: trap_request=0xffffff65 fr.pc=0x00000000030c4938
Event: 2.805 Thread 0x0000000017a0c000 DEOPT PACKING pc=0x00000000030c4938 sp=0x00000000189ee360
Event: 2.805 Thread 0x0000000017a0c000 DEOPT UNPACKING pc=0x0000000002d5582a sp=0x00000000189ee278 mode 2


Dynamic libraries:
0x00007ff7d3020000 - 0x00007ff7d3057000 	C:\Program Files\Java\jdk1.8.0_131\bin\java.exe
0x00007ff87bf70000 - 0x00007ff87c141000 	C:\WINDOWS\SYSTEM32\ntdll.dll
0x00007ff879560000 - 0x00007ff87960c000 	C:\WINDOWS\System32\KERNEL32.DLL
0x00007ff878f50000 - 0x00007ff87916d000 	C:\WINDOWS\System32\KERNELBASE.dll
0x00007ff879ad0000 - 0x00007ff879b72000 	C:\WINDOWS\System32\ADVAPI32.dll
0x00007ff879e00000 - 0x00007ff879e9e000 	C:\WINDOWS\System32\msvcrt.dll
0x00007ff879860000 - 0x00007ff8798b9000 	C:\WINDOWS\System32\sechost.dll
0x00007ff879cd0000 - 0x00007ff879df1000 	C:\WINDOWS\System32\RPCRT4.dll
0x00007ff87be00000 - 0x00007ff87bf65000 	C:\WINDOWS\System32\USER32.dll
0x00007ff879170000 - 0x00007ff87918e000 	C:\WINDOWS\System32\win32u.dll
0x00007ff87bdc0000 - 0x00007ff87bdf4000 	C:\WINDOWS\System32\GDI32.dll
0x00007ff878640000 - 0x00007ff8787c0000 	C:\WINDOWS\System32\gdi32full.dll
0x00007ff869070000 - 0x00007ff8692ea000 	C:\WINDOWS\WinSxS\amd64_microsoft.windows.common-controls_6595b64144ccf1df_6.0.14393.953_none_42151e83c686086b\COMCTL32.dll
0x00007ff87b3e0000 - 0x00007ff87b6a8000 	C:\WINDOWS\System32\combase.dll
0x00007ff8791f0000 - 0x00007ff8792e5000 	C:\WINDOWS\System32\ucrtbase.dll
0x00007ff879490000 - 0x00007ff8794fa000 	C:\WINDOWS\System32\bcryptPrimitives.dll
0x00007ff879ea0000 - 0x00007ff879ece000 	C:\WINDOWS\System32\IMM32.DLL
0x0000000066760000 - 0x0000000066832000 	C:\Program Files\Java\jdk1.8.0_131\jre\bin\msvcr100.dll
0x0000000065ec0000 - 0x000000006675c000 	C:\Program Files\Java\jdk1.8.0_131\jre\bin\server\jvm.dll
0x00007ff87b810000 - 0x00007ff87b818000 	C:\WINDOWS\System32\PSAPI.DLL
0x00007ff868cc0000 - 0x00007ff868cc9000 	C:\WINDOWS\SYSTEM32\WSOCK32.dll
0x00007ff8763e0000 - 0x00007ff876403000 	C:\WINDOWS\SYSTEM32\WINMM.dll
0x00007ff873cc0000 - 0x00007ff873cca000 	C:\WINDOWS\SYSTEM32\VERSION.dll
0x00007ff879b80000 - 0x00007ff879bea000 	C:\WINDOWS\System32\WS2_32.dll
0x00007ff8763b0000 - 0x00007ff8763db000 	C:\WINDOWS\SYSTEM32\WINMMBASE.dll
0x00007ff8792f0000 - 0x00007ff879332000 	C:\WINDOWS\System32\cfgmgr32.dll
0x0000000065eb0000 - 0x0000000065ebf000 	C:\Program Files\Java\jdk1.8.0_131\jre\bin\verify.dll
0x0000000065e80000 - 0x0000000065ea9000 	C:\Program Files\Java\jdk1.8.0_131\jre\bin\java.dll
0x0000000065e60000 - 0x0000000065e76000 	C:\Program Files\Java\jdk1.8.0_131\jre\bin\zip.dll
0x00007ff879ed0000 - 0x00007ff87b3d8000 	C:\WINDOWS\System32\SHELL32.dll
0x00007ff878870000 - 0x00007ff878f4a000 	C:\WINDOWS\System32\windows.storage.dll
0x00007ff878400000 - 0x00007ff87844c000 	C:\WINDOWS\System32\powrprof.dll
0x00007ff879500000 - 0x00007ff879552000 	C:\WINDOWS\System32\shlwapi.dll
0x00007ff878450000 - 0x00007ff87845f000 	C:\WINDOWS\System32\kernel.appcore.dll
0x00007ff8787c0000 - 0x00007ff878869000 	C:\WINDOWS\System32\shcore.dll
0x00007ff8783e0000 - 0x00007ff8783f4000 	C:\WINDOWS\System32\profapi.dll

VM Arguments:
jvm_args: -Djava.awt.headless=true -Xmx1024M -Dfile.encoding=windows-1252 -Duser.country=US -Duser.language=en -Duser.variant 
java_command: com.android.dx.command.Main --dex --num-threads=4 --output F:\SERP\android\app\build\intermediates\pre-dexed\debug\com.android.support-appcompat-v7-23.0.1_638b1f6ea55ddf1ce66d5a30baf88eed9b9e6ddb.jar F:\SERP\android\app\build\intermediates\exploded-aar\com.android.support\appcompat-v7\23.0.1\jars\classes.jar
java_class_path (initial): D:\androidSDK\build-tools\23.0.1\lib\dx.jar
Launcher Type: SUN_STANDARD

Environment Variables:
JAVA_HOME=C:\Program Files\Java\jdk1.8.0_131
CLASSPATH=F:\SERP\android\\gradle\wrapper\gradle-wrapper.jar
PATH=C:\ProgramData\Oracle\Java\javapath;C:\Program Files (x86)\Common Files\Intel\Shared Files\cpp\bin\Intel64;C:\Program Files (x86)\AMD APP\bin\x86_64;C:\Program Files (x86)\AMD APP\bin\x86;C:\Program Files\Microsoft MPI\Bin\;C:\WINDOWS\system32;C:\WINDOWS;C:\WINDOWS\System32\Wbem;C:\WINDOWS\System32\WindowsPowerShell\v1.0\;C:\Program Files (x86)\ATI Technologies\ATI.ACE\Core-Static;C:\Program Files (x86)\Windows Kits\8.1\Windows Performance Toolkit\;C:\Program Files\Microsoft SQL Server\120\Tools\Binn\;C:\Program Files\Microsoft SQL Server\130\Tools\Binn\;C:\Program Files (x86)\Microsoft SQL Server\130\Tools\Binn\;C:\Program Files (x86)\Microsoft SQL Server\130\DTS\Binn\;C:\Program Files\Microsoft SQL Server\130\DTS\Binn\;C:\Program Files\Microsoft SQL Server\Client SDK\ODBC\130\Tools\Binn\;C:\Program Files (x86)\Microsoft SQL Server\Client SDK\ODBC\130\Tools\Binn\;C:\Program Files (x86)\Microsoft SQL Server\130\Tools\Binn\ManagementStudio\;C:\Program Files\dotnet\;C:\Program Files\Microsoft\Web Platform Insta;C:\Program Files (x86)\Yarn\bin;C:\Users\thanhtung776\AppData\Local\Microsoft\WindowsApps;C:\Program Files (x86)\Microsoft VS Code\bin;C:\Users\thanhtung776\AppData\Roaming\Composer\vendor\bin;C:\Users\thanhtung776\AppData\Roaming\npm;C:\Program Files\Git\usr\bin;C:\Users\thanhtung776\AppData\Roaming\nvm;C:\Program Files\nodejs;C:\Program Files\MongoDB\Server\3.4\bin;D:\androidSDK\platform-tools;C:\Users\thanhtung776\AppData\Local\atom\bin;C:\Users\thanhtung776\AppData\Local\Yarn\bin
USERNAME=thanhtung776
OS=Windows_NT
PROCESSOR_IDENTIFIER=Intel64 Family 6 Model 42 Stepping 7, GenuineIntel



---------------  S Y S T E M  ---------------

OS: Windows 10.0 , 64 bit Build 14393 (10.0.14393.1198)

CPU:total 8 (initial active 8) (4 cores per cpu, 2 threads per core) family 6 model 42 stepping 7, cmov, cx8, fxsr, mmx, sse, sse2, sse3, ssse3, sse4.1, sse4.2, popcnt, avx, aes, clmul, ht, tsc, tscinvbit

Memory: 4k page, physical 6238060k(538088k free), swap 10203532k(5888k free)

vm_info: Java HotSpot(TM) 64-Bit Server VM (25.131-b11) for windows-amd64 JRE (1.8.0_131-b11), built on Mar 15 2017 01:23:53 by "java_re" with MS VC++ 10.0 (VS2010)

time: Thu Jul 13 21:02:12 2017
elapsed time: 2 seconds (0d 0h 0m 2s)

